# JRE version: OpenJDK Runtime Environment (8.0_152-b01) (build 1.8.0_152-release-915-b01)
# Java VM: OpenJDK 64-Bit Server VM (25.152-b01 mixed mode linux-amd64 compressed oops)
Heap:
 PSYoungGen      total 482304K, used 290446K [0x00000000e0000000, 0x0000000100000000, 0x0000000100000000)
  eden space 438784K, 64% used [0x00000000e0000000,0x00000000f1257ed0,0x00000000fac80000)
  from space 43520K, 21% used [0x00000000fd580000,0x00000000fdecbd08,0x0000000100000000)
  to   space 41984K, 0% used [0x00000000fac80000,0x00000000fac80000,0x00000000fd580000)
 ParOldGen       total 168448K, used 88590K [0x00000000a0000000, 0x00000000aa480000, 0x00000000e0000000)
  object space 168448K, 52% used [0x00000000a0000000,0x00000000a5683b00,0x00000000aa480000)
 Metaspace       used 89235K, capacity 93178K, committed 93272K, reserved 1130496K
  class space    used 11565K, capacity 12415K, committed 12416K, reserved 1048576K
GC Heap History (10 events):
Event: 22,245 GC heap before
{Heap before GC invocations=18 (full 3):
 PSYoungGen      total 308736K, used 297658K [0x00000000e0000000, 0x00000000f4580000, 0x0000000100000000)
  eden space 287232K, 99% used [0x00000000e0000000,0x00000000f17b6790,0x00000000f1880000)
  from space 21504K, 52% used [0x00000000f2d00000,0x00000000f37f8400,0x00000000f4200000)
  to   space 20992K, 0% used [0x00000000f1880000,0x00000000f1880000,0x00000000f2d00000)
 ParOldGen       total 88576K, used 34981K [0x00000000a0000000, 0x00000000a5680000, 0x00000000e0000000)
  object space 88576K, 39% used [0x00000000a0000000,0x00000000a2229760,0x00000000a5680000)
 Metaspace       used 63133K, capacity 65252K, committed 65496K, reserved 1105920K
  class space    used 8380K, capacity 8883K, committed 8960K, reserved 1048576K
Event: 22,254 GC heap after
Heap after GC invocations=18 (full 3):
 PSYoungGen      total 308224K, used 5156K [0x00000000e0000000, 0x00000000fa780000, 0x0000000100000000)
  eden space 287232K, 0% used [0x00000000e0000000,0x00000000e0000000,0x00000000f1880000)
  from space 20992K, 24% used [0x00000000f1880000,0x00000000f1d89330,0x00000000f2d00000)
  to   space 20992K, 0% used [0x00000000f9300000,0x00000000f9300000,0x00000000fa780000)
 ParOldGen       total 88576K, used 34989K [0x00000000a0000000, 0x00000000a5680000, 0x00000000e0000000)
  object space 88576K, 39% used [0x00000000a0000000,0x00000000a222b760,0x00000000a5680000)
 Metaspace       used 63133K, capacity 65252K, committed 65496K, reserved 1105920K
  class space    used 8380K, capacity 8883K, committed 8960K, reserved 1048576K
}
Event: 89,987 GC heap before
{Heap before GC invocations=19 (full 3):
 PSYoungGen      total 308224K, used 292388K [0x00000000e0000000, 0x00000000fa780000, 0x0000000100000000)
  eden space 287232K, 100% used [0x00000000e0000000,0x00000000f1880000,0x00000000f1880000)
  from space 20992K, 24% used [0x00000000f1880000,0x00000000f1d89330,0x00000000f2d00000)
  to   space 20992K, 0% used [0x00000000f9300000,0x00000000f9300000,0x00000000fa780000)
 ParOldGen       total 88576K, used 34989K [0x00000000a0000000, 0x00000000a5680000, 0x00000000e0000000)
  object space 88576K, 39% used [0x00000000a0000000,0x00000000a222b760,0x00000000a5680000)
 Metaspace       used 77247K, capacity 80786K, committed 81112K, reserved 1120256K
  class space    used 10150K, capacity 10905K, committed 11008K, reserved 1048576K
Event: 90,043 GC heap after
Heap after GC invocations=19 (full 3):
 PSYoungGen      total 400896K, used 20978K [0x00000000e0000000, 0x00000000fa780000, 0x0000000100000000)
  eden space 379904K, 0% used [0x00000000e0000000,0x00000000e0000000,0x00000000f7300000)
  from space 20992K, 99% used [0x00000000f9300000,0x00000000fa77c818,0x00000000fa780000)
  to   space 26112K, 0% used [0x00000000f7480000,0x00000000f7480000,0x00000000f8e00000)
 ParOldGen       total 88576K, used 40575K [0x00000000a0000000, 0x00000000a5680000, 0x00000000e0000000)
  object space 88576K, 45% used [0x00000000a0000000,0x00000000a279fcb0,0x00000000a5680000)
 Metaspace       used 77247K, capacity 80786K, committed 81112K, reserved 1120256K
  class space    used 10150K, capacity 10905K, committed 11008K, reserved 1048576K
}
Event: 95,465 GC heap before
{Heap before GC invocations=20 (full 3):
 PSYoungGen      total 400896K, used 400882K [0x00000000e0000000, 0x00000000fa780000, 0x0000000100000000)
  eden space 379904K, 100% used [0x00000000e0000000,0x00000000f7300000,0x00000000f7300000)
  from space 20992K, 99% used [0x00000000f9300000,0x00000000fa77c818,0x00000000fa780000)
  to   space 26112K, 0% used [0x00000000f7480000,0x00000000f7480000,0x00000000f8e00000)
 ParOldGen       total 88576K, used 40575K [0x00000000a0000000, 0x00000000a5680000, 0x00000000e0000000)
  object space 88576K, 45% used [0x00000000a0000000,0x00000000a279fcb0,0x00000000a5680000)
 Metaspace       used 87322K, capacity 91002K, committed 91224K, reserved 1128448K
  class space    used 11310K, capacity 12103K, committed 12160K, reserved 1048576K
Event: 95,531 GC heap after
Heap after GC invocations=20 (full 3):
 PSYoungGen      total 407552K, used 26106K [0x00000000e0000000, 0x0000000100000000, 0x0000000100000000)
  eden space 381440K, 0% used [0x00000000e0000000,0x00000000e0000000,0x00000000f7480000)
  from space 26112K, 99% used [0x00000000f7480000,0x00000000f8dfeaf0,0x00000000f8e00000)
  to   space 43520K, 0% used [0x00000000fd580000,0x00000000fd580000,0x0000000100000000)
 ParOldGen       total 88576K, used 77097K [0x00000000a0000000, 0x00000000a5680000, 0x00000000e0000000)
  object space 88576K, 87% used [0x00000000a0000000,0x00000000a4b4a430,0x00000000a5680000)
 Metaspace       used 87322K, capacity 91002K, committed 91224K, reserved 1128448K
  class space    used 11310K, capacity 12103K, committed 12160K, reserved 1048576K
}
Event: 95,531 GC heap before
{Heap before GC invocations=21 (full 4):
 PSYoungGen      total 407552K, used 26106K [0x00000000e0000000, 0x0000000100000000, 0x0000000100000000)
  eden space 381440K, 0% used [0x00000000e0000000,0x00000000e0000000,0x00000000f7480000)
  from space 26112K, 99% used [0x00000000f7480000,0x00000000f8dfeaf0,0x00000000f8e00000)
  to   space 43520K, 0% used [0x00000000fd580000,0x00000000fd580000,0x0000000100000000)
 ParOldGen       total 88576K, used 77097K [0x00000000a0000000, 0x00000000a5680000, 0x00000000e0000000)
  object space 88576K, 87% used [0x00000000a0000000,0x00000000a4b4a430,0x00000000a5680000)
 Metaspace       used 87322K, capacity 91002K, committed 91224K, reserved 1128448K
  class space    used 11310K, capacity 12103K, committed 12160K, reserved 1048576K
Event: 95,913 GC heap after
Heap after GC invocations=21 (full 4):
 PSYoungGen      total 407552K, used 491K [0x00000000e0000000, 0x0000000100000000, 0x0000000100000000)
  eden space 381440K, 0% used [0x00000000e0000000,0x00000000e0000000,0x00000000f7480000)
  from space 26112K, 1% used [0x00000000f7480000,0x00000000f74fadc0,0x00000000f8e00000)
  to   space 43520K, 0% used [0x00000000fd580000,0x00000000fd580000,0x0000000100000000)
 ParOldGen       total 168448K, used 88326K [0x00000000a0000000, 0x00000000aa480000, 0x00000000e0000000)
  object space 168448K, 52% used [0x00000000a0000000,0x00000000a5641ae8,0x00000000aa480000)
 Metaspace       used 87302K, capacity 90948K, committed 91224K, reserved 1128448K
  class space    used 11302K, capacity 12090K, committed 12160K, reserved 1048576K
}
Event: 97,779 GC heap before
{Heap before GC invocations=22 (full 4):
 PSYoungGen      total 407552K, used 381207K [0x00000000e0000000, 0x0000000100000000, 0x0000000100000000)
  eden space 381440K, 99% used [0x00000000e0000000,0x00000000f73cb1d0,0x00000000f7480000)
  from space 26112K, 1% used [0x00000000f7480000,0x00000000f74fadc0,0x00000000f8e00000)
  to   space 43520K, 0% used [0x00000000fd580000,0x00000000fd580000,0x0000000100000000)
 ParOldGen       total 168448K, used 88326K [0x00000000a0000000, 0x00000000aa480000, 0x00000000e0000000)
  object space 168448K, 52% used [0x00000000a0000000,0x00000000a5641ae8,0x00000000aa480000)
 Metaspace       used 88855K, capacity 92710K, committed 93016K, reserved 1130496K
  class space    used 11514K, capacity 12349K, committed 12416K, reserved 1048576K
Event: 97,808 GC heap after
Heap after GC invocations=22 (full 4):
 PSYoungGen      total 482304K, used 9519K [0x00000000e0000000, 0x0000000100000000, 0x0000000100000000)
  eden space 438784K, 0% used [0x00000000e0000000,0x00000000e0000000,0x00000000fac80000)
  from space 43520K, 21% used [0x00000000fd580000,0x00000000fdecbd08,0x0000000100000000)
  to   space 41984K, 0% used [0x00000000fac80000,0x00000000fac80000,0x00000000fd580000)
 ParOldGen       total 168448K, used 88590K [0x00000000a0000000, 0x00000000aa480000, 0x00000000e0000000)
  object space 168448K, 52% used [0x00000000a0000000,0x00000000a5683b00,0x00000000aa480000)
 Metaspace       used 88855K, capacity 92710K, committed 93016K, reserved 1130496K
  class space    used 11514K, capacity 12349K, committed 12416K, reserved 1048576K
}

